2024-09-28 09:21:43 info: Database is connected
2024-09-28 09:21:43 info: HTTP server is running on Port 4004
2024-09-28 09:21:48 info: Gracefully stopping...
2024-09-28 09:23:01 info: Database is connected
2024-09-28 09:23:01 info: HTTP server is running on Port 4004
2024-09-28 09:23:46 info: Gracefully stopping...
2024-09-28 09:23:46 info: HTTP server closed
2024-09-28 09:23:54 info: Database is connected
2024-09-28 09:23:54 info: HTTP server is running on Port 4004
2024-09-28 11:36:33 info: Database is connected
2024-09-28 11:36:33 info: HTTP server is running on Port 4004
2024-09-28 11:56:34 info: Database is connected
2024-09-28 11:56:34 info: HTTP server is running on Port 4004
2024-09-28 11:59:32 info: Database is connected
2024-09-28 11:59:32 info: HTTP server is running on Port 4004
2024-09-28 11:59:45 info: Database is connected
2024-09-28 11:59:45 info: HTTP server is running on Port 4004
2024-09-28 12:00:12 info: Database is connected
2024-09-28 12:00:12 info: HTTP server is running on Port 4004
2024-09-28 12:00:21 info: Database is connected
2024-09-28 12:00:21 info: HTTP server is running on Port 4004
2024-09-28 12:00:51 info: Database is connected
2024-09-28 12:00:51 info: HTTP server is running on Port 4004
2024-09-28 12:01:42 info: Database is connected
2024-09-28 12:01:42 info: HTTP server is running on Port 4004
2024-09-28 12:02:23 info: Database is connected
2024-09-28 12:02:23 info: HTTP server is running on Port 4004
2024-09-28 13:12:55 info: Gracefully stopping...
2024-09-28 13:12:55 info: HTTP server closed
2024-09-28 13:12:55 info: MongoDB connection closed
2024-09-28 13:15:06 info: Database is connected
2024-09-28 13:15:06 info: HTTP server is running on Port 4004
2024-09-28 13:15:13 info: Database is connected
2024-09-28 13:15:13 info: HTTP server is running on Port 4004
2024-09-28 13:20:34 info: Database is connected
2024-09-28 13:20:34 info: HTTP server is running on Port 4004
2024-09-30 08:28:49 info: Database is connected
2024-09-30 08:28:49 info: HTTP server is running on Port 4004
2024-09-30 08:28:54 info: Gracefully stopping...
2024-09-30 17:46:17 info: Database is connected
2024-09-30 17:46:17 info: HTTP server is running on Port 4004
2024-09-30 18:31:13 info: Token not valid: User not found
2024-09-30 18:31:13 info: Token not valid: User not found
2024-09-30 18:32:41 info: Database is connected
2024-09-30 18:32:41 info: HTTP server is running on Port 4004
2024-09-30 18:33:37 info: Token not valid: User not found
2024-09-30 18:33:54 info: Database is connected
2024-09-30 18:33:54 info: HTTP server is running on Port 4004
2024-09-30 18:33:58 info: Token not valid: User not found
2024-09-30 18:33:58 info: Token not valid: User not found
2024-09-30 18:34:49 info: Database is connected
2024-09-30 18:34:49 info: HTTP server is running on Port 4004
2024-09-30 18:34:54 info: Token not valid: User not found
2024-09-30 18:34:54 info: Token not valid: User not found
2024-09-30 18:36:10 info: Database is connected
2024-09-30 18:36:10 info: HTTP server is running on Port 4004
2024-09-30 18:42:37 info: Gracefully stopping...
2024-09-30 18:43:13 info: Database is connected
2024-09-30 18:43:14 info: HTTP server is running on Port 4004
2024-09-30 18:43:15 info: Token not valid: User not found
2024-09-30 18:43:20 info: HTTP server closed
2024-09-30 18:43:20 info: MongoDB connection closed
2024-09-30 19:28:11 info: Database is connected
2024-09-30 19:28:11 info: HTTP server is running on Port 4004
2024-09-30 19:28:16 error: [order.getOrders] Database Failure:  isObjectId is not defined
2024-09-30 19:28:16 error: [order.getOrders] Database Failure:  isObjectId is not defined
2024-09-30 19:28:44 info: Database is connected
2024-09-30 19:28:45 info: HTTP server is running on Port 4004
2024-09-30 19:29:21 info: Database is connected
2024-09-30 19:29:21 info: HTTP server is running on Port 4004
2024-09-30 19:29:56 info: Database is connected
2024-09-30 19:29:57 info: HTTP server is running on Port 4004
2024-09-30 19:30:09 info: Database is connected
2024-09-30 19:30:09 info: HTTP server is running on Port 4004
2024-09-30 19:30:54 info: Database is connected
2024-09-30 19:30:54 info: HTTP server is running on Port 4004
2024-09-30 19:31:12 info: Database is connected
2024-09-30 19:31:12 info: HTTP server is running on Port 4004
2024-09-30 21:22:45 error: Not allowed by CORS: http://localhost:3003
2024-09-30 21:22:46 error: Not allowed by CORS: http://localhost:3003
2024-09-30 21:22:48 error: Not allowed by CORS: http://localhost:3003
2024-09-30 21:24:39 info: Gracefully stopping...
2024-09-30 21:24:39 info: HTTP server closed
2024-09-30 21:25:08 info: Database is connected
2024-09-30 21:25:09 info: HTTP server is running on Port 4005
2024-10-01 17:22:53 info: Database is connected
2024-10-01 17:22:53 info: HTTP server is running on Port 4005
2024-10-01 17:23:28 error: [order.getOrders] Database Failure:  $in needs an array
2024-10-01 17:50:48 info: Database is connected
2024-10-01 17:50:48 info: HTTP server is running on Port 4005
2024-10-01 18:52:11 info: Database is connected
2024-10-01 18:52:11 info: HTTP server is running on Port 4005
2024-10-01 18:53:48 info: Database is connected
2024-10-01 18:53:48 info: HTTP server is running on Port 4005
2024-10-01 18:59:19 info: Database is connected
2024-10-01 18:59:19 info: HTTP server is running on Port 4005
2024-10-01 20:21:41 info: Gracefully stopping...
2024-10-01 20:22:02 info: Database is connected
2024-10-01 20:22:02 info: HTTP server is running on Port 4005
2024-10-01 20:22:47 info: HTTP server closed
2024-10-01 20:22:47 info: MongoDB connection closed
2024-10-01 20:24:56 info: Database is connected
2024-10-01 20:24:56 info: HTTP server is running on Port 4005
2024-10-01 20:34:44 info: Gracefully stopping...
2024-10-01 20:35:17 info: Database is connected
2024-10-01 20:35:17 info: HTTP server is running on Port 4005
2024-10-01 22:09:17 info: Database is connected
2024-10-01 22:09:17 info: HTTP server is running on Port 4005
2024-10-01 22:09:24 info: Gracefully stopping...
2024-10-01 22:09:31 info: Database is connected
2024-10-01 22:09:31 info: HTTP server is running on Port 4005
2024-10-02 08:47:37 info: Database is connected
2024-10-02 08:47:37 info: HTTP server is running on Port 4005
2024-10-02 08:47:54 info: Database is connected
2024-10-02 08:47:54 info: HTTP server is running on Port 4005
2024-10-02 08:48:04 error: [category.update] Database Failure:  undefined Cast to ObjectId failed for value "undefined" (type string) at path "_id" for model "Category"
2024-10-02 08:49:18 error: [category.update] Database Failure:  undefined Cast to ObjectId failed for value "undefined" (type string) at path "_id" for model "Category"
2024-10-02 08:51:05 info: Database is connected
2024-10-02 08:51:05 info: HTTP server is running on Port 4005
2024-10-02 08:57:27 error: [category.getCategory] Category not found: "66fcfa5612ec48dadd4bca11"
2024-10-02 08:57:27 error: [category.getCategory] Category not found: "66fcfa5612ec48dadd4bca11"
2024-10-02 08:58:43 info: Database is connected
2024-10-02 08:58:44 info: HTTP server is running on Port 4005
2024-10-02 08:58:47 error: [category.getCategory] Category not found: "66fcfa5612ec48dadd4bca11"
2024-10-02 08:58:47 error: [category.getCategory] Category not found: "66fcfa5612ec48dadd4bca11"
2024-10-02 08:59:04 info: Database is connected
2024-10-02 08:59:04 info: HTTP server is running on Port 4005
2024-10-02 08:59:06 error: [category.getCategory] Category not found: "66fcfa5612ec48dadd4bca11"
2024-10-02 08:59:07 error: [category.getCategory] Category not found: "66fcfa5612ec48dadd4bca11"
2024-10-02 08:59:42 info: Database is connected
2024-10-02 08:59:42 info: HTTP server is running on Port 4005
2024-10-02 08:59:45 error: [category.getCategory] Category not found: "66fcfa5612ec48dadd4bca11"
2024-10-02 08:59:46 error: [category.getCategory] Category not found: "66fcfa5612ec48dadd4bca11"
2024-10-02 08:59:54 info: Database is connected
2024-10-02 08:59:54 info: HTTP server is running on Port 4005
2024-10-02 08:59:57 error: [category.getCategory] Category not found: "66fcfa5612ec48dadd4bca11"
2024-10-02 08:59:58 error: [category.getCategory] Category not found: "66fcfa5612ec48dadd4bca11"
2024-10-02 09:01:29 info: Database is connected
2024-10-02 09:01:29 info: HTTP server is running on Port 4005
2024-10-02 09:01:30 error: [category.getCategory] Category not found: "66fcfa5612ec48dadd4bca11"
2024-10-02 09:01:30 error: [category.getCategory] Category not found: "66fcfa5612ec48dadd4bca11"
2024-10-02 09:01:37 info: Database is connected
2024-10-02 09:01:38 info: HTTP server is running on Port 4005
2024-10-02 09:02:15 info: Database is connected
2024-10-02 09:02:15 info: HTTP server is running on Port 4005
2024-10-02 09:02:17 error: [category.getCategory] Category not found: "66fcfa5612ec48dadd4bca11"
2024-10-02 09:02:18 error: [category.getCategory] Category not found: "66fcfa5612ec48dadd4bca11"
2024-10-02 09:03:58 error: [category.getCategory] Category not found: "66fcfa5612ec48dadd4bca11"
2024-10-02 09:03:59 error: [category.getCategory] Category not found: "66fcfa5612ec48dadd4bca11"
2024-10-02 09:04:37 info: Database is connected
2024-10-02 09:04:38 info: HTTP server is running on Port 4005
2024-10-02 09:04:41 error: [category.getCategory] Category not found: "66fcfa5612ec48dadd4bca11"
2024-10-02 09:04:41 error: [category.getCategory] Category not found: "66fcfa5612ec48dadd4bca11"
2024-10-02 09:04:52 info: Database is connected
2024-10-02 09:04:53 info: HTTP server is running on Port 4005
2024-10-02 09:04:56 error: [category.getCategory] Category not found: "66fcfa5612ec48dadd4bca11"
2024-10-02 09:04:57 error: [category.getCategory] Category not found: "66fcfa5612ec48dadd4bca11"
2024-10-02 09:05:11 info: Database is connected
2024-10-02 09:05:11 info: HTTP server is running on Port 4005
2024-10-02 09:06:29 error: [category.getCategory] Category not found: "66fcfa5612ec48dadd4bca11"
2024-10-02 09:06:30 error: [category.getCategory] Category not found: "66fcfa5612ec48dadd4bca11"
2024-10-02 09:08:38 error: [category.getCategory] Category not found: "66fcfa5612ec48dadd4bca11"
2024-10-02 09:08:38 error: [category.getCategory] Category not found: "66fcfa5612ec48dadd4bca11"
2024-10-03 14:04:30 info: Database is connected
2024-10-03 14:04:30 info: HTTP server is running on Port 4005
2024-10-03 14:45:39 error: Database Failure:  [product.uploadImage] req.file not found
2024-10-03 15:00:58 info: Gracefully stopping...
2024-10-03 15:01:03 info: Database is connected
2024-10-03 15:01:03 info: HTTP server is running on Port 4005
2024-10-03 15:03:47 error: [user.signin] Database Failure:  undefined body.email not found
2024-10-03 15:10:12 info: Gracefully stopping...
2024-10-03 15:10:18 info: Database is connected
2024-10-03 15:10:18 info: HTTP server is running on Port 4005
2024-10-03 15:18:17 error: Database Failure:  [product.uploadImage] req.file not found
2024-10-03 15:23:56 info: Gracefully stopping...
2024-10-03 15:24:00 info: Database is connected
2024-10-03 15:24:00 info: HTTP server is running on Port 4005
2024-10-04 07:22:47 info: Database is connected
2024-10-04 07:22:47 info: HTTP server is running on Port 4005
2024-10-04 07:23:55 info: Database is connected
2024-10-04 07:23:56 info: HTTP server is running on Port 4005
2024-10-04 07:23:59 info: Database is connected
2024-10-04 07:24:00 info: HTTP server is running on Port 4005
2024-10-04 07:24:43 info: Database is connected
2024-10-04 07:24:43 info: HTTP server is running on Port 4005
2024-10-04 07:25:10 info: Database is connected
2024-10-04 07:25:10 info: HTTP server is running on Port 4005
2024-10-04 07:47:10 error: Database Failure:  EPERM: operation not permitted, unlink 'C:\inetpub\wwwroot\cdn\wexcommerce\products\66ff132ca06cfc318e8546ec_1727992620735'
2024-10-04 19:11:16 info: Gracefully stopping...
2024-10-04 19:11:16 info: HTTP server closed
2024-10-04 19:11:16 info: MongoDB connection closed
2024-10-04 19:11:23 info: Database is connected
2024-10-04 19:11:23 info: HTTP server is running on Port 4005
2024-10-04 19:12:03 info: Database is connected
2024-10-04 19:12:03 info: HTTP server is running on Port 4005
2024-10-04 19:27:40 info: Gracefully stopping...
2024-10-04 19:27:40 info: HTTP server closed
2024-10-04 19:27:45 info: Database is connected
2024-10-04 19:27:45 info: HTTP server is running on Port 4005
2024-10-04 19:28:39 info: Database is connected
2024-10-04 19:28:39 info: HTTP server is running on Port 4005
2024-10-04 19:29:37 info: Gracefully stopping...
2024-10-04 19:29:42 info: Database is connected
2024-10-04 19:29:42 info: HTTP server is running on Port 4005
2024-10-04 19:31:25 info: Database is connected
2024-10-04 19:31:25 info: HTTP server is running on Port 4005
2024-10-04 19:31:59 info: Database is connected
2024-10-04 19:31:59 info: HTTP server is running on Port 4005
2024-10-04 19:32:20 info: Gracefully stopping...
2024-10-04 19:32:25 info: Database is connected
2024-10-04 19:32:25 info: HTTP server is running on Port 4005
2024-10-04 19:32:49 info: Gracefully stopping...
2024-10-04 19:32:49 info: HTTP server closed
2024-10-04 19:32:54 info: Database is connected
2024-10-04 19:32:54 info: HTTP server is running on Port 4005
2024-10-04 19:57:03 info: Database is connected
2024-10-04 19:57:03 info: HTTP server is running on Port 4005
2024-10-04 20:06:52 info: Database is connected
2024-10-04 20:06:52 info: HTTP server is running on Port 4005
2024-10-04 20:07:02 info: Database is connected
2024-10-04 20:07:02 info: HTTP server is running on Port 4005
2024-10-04 20:07:26 info: Database is connected
2024-10-04 20:07:26 info: HTTP server is running on Port 4005
2024-10-04 20:26:24 info: Database is connected
2024-10-04 20:26:24 info: HTTP server is running on Port 4005
2024-10-04 20:41:16 info: Database is connected
2024-10-04 20:41:16 info: HTTP server is running on Port 4005
2024-10-05 07:52:26 info: Database is connected
2024-10-05 07:52:26 info: HTTP server is running on Port 4005
2024-10-05 07:54:20 info: Database is connected
2024-10-05 07:54:20 info: HTTP server is running on Port 4005
2024-10-05 07:54:37 info: Database is connected
2024-10-05 07:54:37 info: HTTP server is running on Port 4005
2024-10-05 07:56:27 info: Database is connected
2024-10-05 07:56:27 info: HTTP server is running on Port 4005
2024-10-05 07:56:39 info: Database is connected
2024-10-05 07:56:39 info: HTTP server is running on Port 4005
2024-10-05 07:56:56 info: Database is connected
2024-10-05 07:56:56 info: HTTP server is running on Port 4005
2024-10-05 07:57:32 info: Database is connected
2024-10-05 07:57:32 info: HTTP server is running on Port 4005
2024-10-05 08:19:10 info: Database is connected
2024-10-05 08:19:10 info: HTTP server is running on Port 4005
2024-10-05 08:24:14 info: Database is connected
2024-10-05 08:24:14 info: HTTP server is running on Port 4005
2024-10-05 10:03:55 info: Database is connected
2024-10-05 10:03:55 info: HTTP server is running on Port 4005
2024-10-05 12:35:06 info: Database is connected
2024-10-05 12:35:06 info: HTTP server is running on Port 4005
2024-10-05 17:43:44 info: Gracefully stopping...
2024-10-05 17:43:44 info: HTTP server closed
2024-10-05 17:43:44 info: MongoDB connection closed
2024-10-05 18:07:28 info: Database is connected
2024-10-05 18:07:28 info: HTTP server is running on Port 4005
2024-10-05 18:14:49 info: Database is connected
2024-10-05 18:14:49 info: HTTP server is running on Port 4005
2024-10-05 18:15:16 info: Database is connected
2024-10-05 18:15:16 info: HTTP server is running on Port 4005
2024-10-05 18:15:53 info: Database is connected
2024-10-05 18:15:53 info: HTTP server is running on Port 4005
2024-10-05 18:16:18 info: Database is connected
2024-10-05 18:16:18 info: HTTP server is running on Port 4005
2024-10-05 18:17:12 info: Database is connected
2024-10-05 18:17:12 info: HTTP server is running on Port 4005
2024-10-05 18:27:29 info: Database is connected
2024-10-05 18:27:29 info: HTTP server is running on Port 4005
2024-10-05 18:29:50 error: [order.getOrder] Database Failure:  [object Object] input must be a 24 character hex string, 12 byte Uint8Array, or an integer
2024-10-05 18:33:22 error: [order.getOrder] Database Failure:  [object Object] input must be a 24 character hex string, 12 byte Uint8Array, or an integer
2024-10-05 18:33:52 error: [order.getOrder] Database Failure:  [object Object] input must be a 24 character hex string, 12 byte Uint8Array, or an integer
2024-10-05 18:34:20 error: [order.getOrder] Database Failure:  [object Object] input must be a 24 character hex string, 12 byte Uint8Array, or an integer
2024-10-05 18:37:04 error: [order.getOrder] Database Failure:  [object Object] input must be a 24 character hex string, 12 byte Uint8Array, or an integer
2024-10-05 18:37:22 error: [order.getOrder] Database Failure:  [object Object] input must be a 24 character hex string, 12 byte Uint8Array, or an integer
2024-10-05 18:50:16 error: [category.getCategory] Database Failure:  635c9c01f0d1be5323e0174deeee Cast to ObjectId failed for value "635c9c01f0d1be5323e0174deeee" (type string) at path "_id" for model "Category"
2024-10-05 18:50:26 error: [category.getCategory] Database Failure:  undefined Cast to ObjectId failed for value "undefined" (type string) at path "_id" for model "Category"
2024-10-05 19:05:06 info: Database is connected
2024-10-05 19:05:06 info: HTTP server is running on Port 4005
2024-10-05 19:10:21 info: Database is connected
2024-10-05 19:10:21 info: HTTP server is running on Port 4005
2024-10-05 19:10:55 info: Database is connected
2024-10-05 19:10:55 info: HTTP server is running on Port 4005
2024-10-05 19:15:43 info: Database is connected
2024-10-05 19:15:43 info: HTTP server is running on Port 4005
2024-10-05 19:21:18 info: Database is connected
2024-10-05 19:21:18 info: HTTP server is running on Port 4005
2024-10-05 19:21:53 info: Database is connected
2024-10-05 19:21:53 info: HTTP server is running on Port 4005
2024-10-05 19:56:44 info: Database is connected
2024-10-05 19:56:44 info: HTTP server is running on Port 4005
2024-10-05 19:57:50 info: Database is connected
2024-10-05 19:57:50 info: HTTP server is running on Port 4005
2024-10-05 19:59:17 info: Database is connected
2024-10-05 19:59:17 info: HTTP server is running on Port 4005
2024-10-06 02:43:56 info: Database is connected
2024-10-06 02:43:56 info: HTTP server is running on Port 4005
2024-10-06 08:44:57 error: [cart.getCartCount] Database Failure:  [object Promise] input must be a 24 character hex string, 12 byte Uint8Array, or an integer
2024-10-06 08:46:06 error: [cart.getCartCount] Database Failure:  [object Promise] input must be a 24 character hex string, 12 byte Uint8Array, or an integer
2024-10-06 08:46:07 error: [cart.getCartCount] Database Failure:  [object Promise] input must be a 24 character hex string, 12 byte Uint8Array, or an integer
2024-10-06 08:46:07 error: [cart.getCartCount] Database Failure:  [object Promise] input must be a 24 character hex string, 12 byte Uint8Array, or an integer
2024-10-06 08:46:08 error: [cart.getCartCount] Database Failure:  [object Promise] input must be a 24 character hex string, 12 byte Uint8Array, or an integer
2024-10-06 08:46:08 error: [cart.getCartCount] Database Failure:  [object Promise] input must be a 24 character hex string, 12 byte Uint8Array, or an integer
2024-10-06 08:46:08 error: [cart.getCartCount] Database Failure:  [object Promise] input must be a 24 character hex string, 12 byte Uint8Array, or an integer
2024-10-06 08:46:08 error: [cart.getCartCount] Database Failure:  [object Promise] input must be a 24 character hex string, 12 byte Uint8Array, or an integer
2024-10-06 08:46:09 error: [cart.getCartCount] Database Failure:  [object Promise] input must be a 24 character hex string, 12 byte Uint8Array, or an integer
2024-10-06 08:46:09 error: [cart.getCartCount] Database Failure:  [object Promise] input must be a 24 character hex string, 12 byte Uint8Array, or an integer
2024-10-06 08:46:09 error: [cart.getCartCount] Database Failure:  [object Promise] input must be a 24 character hex string, 12 byte Uint8Array, or an integer
2024-10-06 08:46:09 error: [cart.getCartCount] Database Failure:  [object Promise] input must be a 24 character hex string, 12 byte Uint8Array, or an integer
2024-10-06 08:46:10 error: [cart.getCartCount] Database Failure:  [object Promise] input must be a 24 character hex string, 12 byte Uint8Array, or an integer
2024-10-06 08:46:10 error: [cart.getCartCount] Database Failure:  [object Promise] input must be a 24 character hex string, 12 byte Uint8Array, or an integer
2024-10-06 08:46:10 error: [cart.getCartCount] Database Failure:  [object Promise] input must be a 24 character hex string, 12 byte Uint8Array, or an integer
2024-10-06 08:46:11 error: [cart.getCartCount] Database Failure:  [object Promise] input must be a 24 character hex string, 12 byte Uint8Array, or an integer
2024-10-06 08:46:11 error: [cart.getCartCount] Database Failure:  [object Promise] input must be a 24 character hex string, 12 byte Uint8Array, or an integer
2024-10-06 08:46:12 error: [cart.getCartCount] Database Failure:  [object Promise] input must be a 24 character hex string, 12 byte Uint8Array, or an integer
2024-10-06 08:46:12 error: [cart.getCartCount] Database Failure:  [object Promise] input must be a 24 character hex string, 12 byte Uint8Array, or an integer
2024-10-06 08:46:12 error: [cart.getCartCount] Database Failure:  [object Promise] input must be a 24 character hex string, 12 byte Uint8Array, or an integer
2024-10-06 08:46:13 error: [cart.getCartCount] Database Failure:  [object Promise] input must be a 24 character hex string, 12 byte Uint8Array, or an integer
2024-10-06 08:46:13 error: [cart.getCartCount] Database Failure:  [object Promise] input must be a 24 character hex string, 12 byte Uint8Array, or an integer
2024-10-06 08:46:13 error: [cart.getCartCount] Database Failure:  [object Promise] input must be a 24 character hex string, 12 byte Uint8Array, or an integer
2024-10-06 08:46:14 error: [cart.getCartCount] Database Failure:  [object Promise] input must be a 24 character hex string, 12 byte Uint8Array, or an integer
2024-10-06 11:36:50 info: Gracefully stopping...
2024-10-06 11:36:56 info: Database is connected
2024-10-06 11:36:56 info: HTTP server is running on Port 4005
2024-10-06 11:39:31 info: Database is connected
2024-10-06 11:39:31 info: HTTP server is running on Port 4005
2024-10-06 13:14:58 error: Database Failure:  input must be a 24 character hex string, 12 byte Uint8Array, or an integer
2024-10-06 15:24:50 error: Payment intent and session missing {"order":{"paymentType":"6359262cce9d284dd85dc0ed","deliveryType":"636380df8de09490f0f9799b","total":2054.8,"orderItems":[{"product":"635ca1a8f0d1be5323e0183c","quantity":1},{"product":"635ca003f0d1be5323e017fb","quantity":1}],"user":"6380d68fe71e7f0086e895f0"}}
2024-10-06 17:17:01 info: Gracefully stopping...
2024-10-06 17:17:01 info: HTTP server closed
2024-10-06 17:17:01 info: MongoDB connection closed
2024-10-06 17:17:45 info: Database is connected
2024-10-06 17:17:45 info: HTTP server is running on Port 4005
2024-10-06 18:12:32 info: Database is connected
2024-10-06 18:12:32 info: HTTP server is running on Port 4005
2024-10-06 18:14:45 info: Database is connected
2024-10-06 18:14:45 info: HTTP server is running on Port 4005
2024-10-06 18:15:24 info: Database is connected
2024-10-06 18:15:25 info: HTTP server is running on Port 4005
2024-10-06 18:16:04 info: Database is connected
2024-10-06 18:16:04 info: HTTP server is running on Port 4005
2024-10-06 18:16:08 info: Database is connected
2024-10-06 18:16:08 info: HTTP server is running on Port 4005
2024-10-06 18:16:29 info: Database is connected
2024-10-06 18:16:29 info: HTTP server is running on Port 4005
2024-10-06 18:17:07 info: Database is connected
2024-10-06 18:17:07 info: HTTP server is running on Port 4005
2024-10-06 18:17:19 info: Database is connected
2024-10-06 18:17:19 info: HTTP server is running on Port 4005
2024-10-06 18:17:39 info: Database is connected
2024-10-06 18:17:39 info: HTTP server is running on Port 4005
2024-10-06 18:21:14 info: Database is connected
2024-10-06 18:21:14 info: HTTP server is running on Port 4005
2024-10-06 18:33:21 info: Database is connected
2024-10-06 18:33:21 info: HTTP server is running on Port 4005
2024-10-06 18:51:50 info: Database is connected
2024-10-06 18:51:50 info: HTTP server is running on Port 4005
2024-10-06 18:55:30 info: Database is connected
2024-10-06 18:55:30 info: HTTP server is running on Port 4005
2024-10-06 18:55:36 error: Payment intent and session missing {"order":{"paymentType":"6359262cce9d284dd85dc0ed","deliveryType":"636380df8de09490f0f9799b","total":1904.9,"orderItems":[{"product":"635ca1a8f0d1be5323e0183c","quantity":1}],"sessionId":"cs_test_a1fLtN6KV8XlSSmO2PzOEbnkhSMawkBcQXEI1JKxzaceTfpDv0e0YQYenP","customerId":"cus_QywZNZlgcxHKU0","user":"6380d68fe71e7f0086e895f0"}}
2024-10-06 19:03:47 info: Gracefully stopping...
2024-10-06 19:12:19 info: Database is connected
2024-10-06 19:12:19 info: HTTP server is running on Port 4005
2024-10-06 19:22:30 info: Database is connected
2024-10-06 19:22:30 info: HTTP server is running on Port 4005
2024-10-06 19:23:37 info: Database is connected
2024-10-06 19:23:37 info: HTTP server is running on Port 4005
2024-10-06 19:24:10 info: Database is connected
2024-10-06 19:24:10 info: HTTP server is running on Port 4005
2024-10-06 19:24:42 info: Database is connected
2024-10-06 19:24:42 info: HTTP server is running on Port 4005
2024-10-06 19:26:29 info: Database is connected
2024-10-06 19:26:29 info: HTTP server is running on Port 4005
2024-10-06 19:46:43 info: Database is connected
2024-10-06 19:46:43 info: HTTP server is running on Port 4005
2024-10-06 19:51:34 error: [stripe.checkCheckoutSession] Internal error:  Cannot read properties of undefined (reading 'toFixed')
2024-10-06 19:52:34 info: [stripe.checkCheckoutSession] Order with sessionId cs_test_a1f2d5ezoCX6uVvE98jQL46WMU7dPEXZ8fBXCSePoy9hfbKuHUX1JR4EWr not found
2024-10-06 19:52:40 info: [stripe.checkCheckoutSession] Order with sessionId cs_test_a1f2d5ezoCX6uVvE98jQL46WMU7dPEXZ8fBXCSePoy9hfbKuHUX1JR4EWr not found
2024-10-06 19:53:47 info: Database is connected
2024-10-06 19:53:48 info: HTTP server is running on Port 4005
2024-10-06 19:55:56 info: Database is connected
2024-10-06 19:55:56 info: HTTP server is running on Port 4005
2024-10-06 19:59:25 error: [stripe.checkCheckoutSession] Internal error:  Cannot read properties of undefined (reading 'toFixed')
2024-10-06 20:03:31 info: [stripe.checkCheckoutSession] Order with sessionId cs_test_a14vxiJ4hdPXo4JnIlESTe3WJzmg2eSHX00DouiTnZfZ9qw5toCbAvEGjA not found
2024-10-06 20:05:19 info: Database is connected
2024-10-06 20:05:19 info: HTTP server is running on Port 4005
2024-10-06 20:06:04 info: Database is connected
2024-10-06 20:06:04 info: HTTP server is running on Port 4005
2024-10-06 20:06:55 info: Database is connected
2024-10-06 20:06:55 info: HTTP server is running on Port 4005
2024-10-06 20:08:28 info: Database is connected
2024-10-06 20:08:28 info: HTTP server is running on Port 4005
2024-10-06 20:09:24 info: Database is connected
2024-10-06 20:09:24 info: HTTP server is running on Port 4005
2024-10-06 20:10:18 info: [stripe.checkCheckoutSession] Order with sessionId cs_test_a1j45mQT2089ZYBnT0279tGa9mPRbQkCYBw00sJKMUmeaOlTUy8vLgI7i7 not found
2024-10-06 20:10:42 info: Database is connected
2024-10-06 20:10:42 info: HTTP server is running on Port 4005
2024-10-06 20:18:55 info: [stripe.checkCheckoutSession] Order with sessionId cs_test_a1j45mQT2089ZYBnT0279tGa9mPRbQkCYBw00sJKMUmeaOlTUy8vLgI7i7 not found
2024-10-06 20:21:32 info: Gracefully stopping...
2024-10-06 20:21:32 info: HTTP server closed
2024-10-06 20:21:37 info: Database is connected
2024-10-06 20:21:37 info: HTTP server is running on Port 4005
2024-10-06 20:21:46 info: [stripe.checkCheckoutSession] Order with sessionId cs_test_a1hOvyOtYJNj5EaxyExjALcrGiYbdAhcoLoiIFj3TOWH479BdpsfPqCoDJ not found
2024-10-06 20:23:53 info: [stripe.checkCheckoutSession] Order with sessionId cs_test_a1u4T4Gy3KPMnsfTROvPDeeCBFHJON3FvuWRZgWGeteG5JUhIfDPTCJXJ3 not found
2024-10-06 20:26:38 info: [stripe.checkCheckoutSession] Order with sessionId cs_test_a1ZVGvBuAYcgUAmIlQKYHlCCKf5UaWmTSlOqJMvS3W6gDBvhvPOho4oBPv not found
2024-10-06 20:26:58 info: [stripe.checkCheckoutSession] Order with sessionId cs_test_a1ZVGvBuAYcgUAmIlQKYHlCCKf5UaWmTSlOqJMvS3W6gDBvhvPOho4oBPv not found
2024-10-06 20:27:10 info: [stripe.checkCheckoutSession] Order with sessionId cs_test_a1ZVGvBuAYcgUAmIlQKYHlCCKf5UaWmTSlOqJMvS3W6gDBvhvPOho4oBPv not found
2024-10-06 20:27:20 info: [stripe.checkCheckoutSession] Order with sessionId cs_test_a1ZVGvBuAYcgUAmIlQKYHlCCKf5UaWmTSlOqJMvS3W6gDBvhvPOho4oBPv not found
2024-10-06 20:29:05 info: [stripe.checkCheckoutSession] Order with sessionId cs_test_a11DekuPvfcHXNAX5mOr7hWdFOenmkBbsc5EUfjWOf6a4dUqpVb7h6qzvW not found
2024-10-06 20:29:13 info: [stripe.checkCheckoutSession] Order with sessionId cs_test_a11DekuPvfcHXNAX5mOr7hWdFOenmkBbsc5EUfjWOf6a4dUqpVb7h6qzvW not found
2024-10-06 20:30:22 info: [stripe.checkCheckoutSession] Order with sessionId cs_test_a11DekuPvfcHXNAX5mOr7hWdFOenmkBbsc5EUfjWOf6a4dUqpVb7h6qzvW not found
2024-10-06 20:31:44 info: [stripe.checkCheckoutSession] Order with sessionId cs_test_a1op8Ywgcp3mma4eIH0x2kGtPk9gjVWtJ1RQRI2pikF2if6sMUdnAS3n7A not found
2024-10-06 20:34:12 info: [stripe.checkCheckoutSession] Order with sessionId cs_test_a1op8Ywgcp3mma4eIH0x2kGtPk9gjVWtJ1RQRI2pikF2if6sMUdnAS3n7A not found
2024-10-06 20:35:11 info: Gracefully stopping...
2024-10-06 20:35:11 info: HTTP server closed
2024-10-06 20:35:22 info: Database is connected
2024-10-06 20:35:22 info: HTTP server is running on Port 4005
2024-10-06 22:59:42 info: Gracefully stopping...
2024-10-06 23:00:09 info: Database is connected
2024-10-06 23:00:09 info: HTTP server is running on Port 4005
2024-10-06 23:08:15 info: Database is connected
2024-10-06 23:08:15 info: HTTP server is running on Port 4005
2024-10-06 23:21:29 info: Gracefully stopping...
2024-10-06 23:21:29 info: HTTP server closed
2024-10-06 23:21:52 info: Database is connected
2024-10-06 23:21:53 info: HTTP server is running on Port 4005
2024-10-07 07:15:29 info: Database is connected
2024-10-07 07:15:29 info: HTTP server is running on Port 4005
2024-10-07 07:16:09 info: Database is connected
2024-10-07 07:16:09 info: HTTP server is running on Port 4005
2024-10-07 07:16:32 info: Database is connected
2024-10-07 07:16:32 info: HTTP server is running on Port 4005
2024-10-07 07:17:23 info: Database is connected
2024-10-07 07:17:23 info: HTTP server is running on Port 4005
2024-10-07 07:19:38 info: Database is connected
2024-10-07 07:19:38 info: HTTP server is running on Port 4005
2024-10-07 07:21:31 info: Database is connected
2024-10-07 07:21:31 info: HTTP server is running on Port 4005
2024-10-07 07:23:24 info: Database is connected
2024-10-07 07:23:24 info: HTTP server is running on Port 4005
2024-10-07 07:23:56 info: Database is connected
2024-10-07 07:23:57 info: HTTP server is running on Port 4005
2024-10-07 07:26:23 info: Database is connected
2024-10-07 07:26:23 info: HTTP server is running on Port 4005
2024-10-07 07:28:15 info: Database is connected
2024-10-07 07:28:16 info: HTTP server is running on Port 4005
2024-10-07 07:30:35 error: [order.deleteTempOrder] Database Failure:  {"orderId":"67037ffd29989c360f0315da","sessionId":"cs_test_a1IbvlhdMxB4ZdkAR5E3bq9znx3U9TAxMpdh8eKtMXesONbvCiUNi4siBg"} $not needs a regex or a document
2024-10-07 07:31:40 info: Database is connected
2024-10-07 07:31:40 info: HTTP server is running on Port 4005
2024-10-07 07:32:32 info: Database is connected
2024-10-07 07:32:33 info: HTTP server is running on Port 4005
2024-10-07 07:34:01 info: Database is connected
2024-10-07 07:34:01 info: HTTP server is running on Port 4005
2024-10-07 07:35:16 info: Database is connected
2024-10-07 07:35:16 info: HTTP server is running on Port 4005
2024-10-07 07:35:53 info: Database is connected
2024-10-07 07:35:53 info: HTTP server is running on Port 4005
2024-10-07 07:36:18 info: Database is connected
2024-10-07 07:36:18 info: HTTP server is running on Port 4005
2024-10-07 07:39:40 info: Gracefully stopping...
2024-10-07 07:39:45 info: Database is connected
2024-10-07 07:39:45 info: HTTP server is running on Port 4005
2024-10-07 07:40:06 info: Database is connected
2024-10-07 07:40:06 info: HTTP server is running on Port 4005
2024-10-07 07:52:12 info: Database is connected
2024-10-07 07:52:12 info: HTTP server is running on Port 4005
2024-10-07 08:08:10 info: Database is connected
2024-10-07 08:08:10 info: HTTP server is running on Port 4005
2024-10-07 08:08:16 info: Database is connected
2024-10-07 08:08:16 info: HTTP server is running on Port 4005
2024-10-07 08:34:09 info: Database is connected
2024-10-07 08:34:09 info: HTTP server is running on Port 4005
2024-10-07 08:38:06 info: Database is connected
2024-10-07 08:38:06 info: HTTP server is running on Port 4005
2024-10-07 08:38:46 info: Database is connected
2024-10-07 08:38:46 info: HTTP server is running on Port 4005
2024-10-07 08:38:57 info: Database is connected
2024-10-07 08:38:57 info: HTTP server is running on Port 4005
2024-10-07 08:39:02 info: Gracefully stopping...
2024-10-07 08:40:19 info: Database is connected
2024-10-07 08:40:19 info: HTTP server is running on Port 4005
2024-10-07 08:40:45 info: Database is connected
2024-10-07 08:40:45 info: HTTP server is running on Port 4005
2024-10-07 08:44:14 info: Database is connected
2024-10-07 08:44:14 info: HTTP server is running on Port 4005
2024-10-07 08:44:38 info: Database is connected
2024-10-07 08:44:38 info: HTTP server is running on Port 4005
2024-10-07 08:44:55 info: Database is connected
2024-10-07 08:44:55 info: HTTP server is running on Port 4005
2024-10-07 08:58:59 info: Database is connected
2024-10-07 08:58:59 info: HTTP server is running on Port 4005
2024-10-07 09:38:24 info: Database is connected
2024-10-07 09:38:24 info: HTTP server is running on Port 4005
2024-10-07 10:42:41 info: Database is connected
2024-10-07 10:42:41 info: HTTP server is running on Port 4005
