2024-09-30 19:28:16 error: [order.getOrders] Database Failure:  isObjectId is not defined
2024-09-30 19:28:16 error: [order.getOrders] Database Failure:  isObjectId is not defined
2024-09-30 21:22:45 error: Not allowed by CORS: http://localhost:3003
2024-09-30 21:22:46 error: Not allowed by CORS: http://localhost:3003
2024-09-30 21:22:48 error: Not allowed by CORS: http://localhost:3003
2024-10-01 17:23:28 error: [order.getOrders] Database Failure:  $in needs an array
2024-10-02 08:48:04 error: [category.update] Database Failure:  undefined Cast to ObjectId failed for value "undefined" (type string) at path "_id" for model "Category"
2024-10-02 08:49:18 error: [category.update] Database Failure:  undefined Cast to ObjectId failed for value "undefined" (type string) at path "_id" for model "Category"
2024-10-02 08:57:27 error: [category.getCategory] Category not found: "66fcfa5612ec48dadd4bca11"
2024-10-02 08:57:27 error: [category.getCategory] Category not found: "66fcfa5612ec48dadd4bca11"
2024-10-02 08:58:47 error: [category.getCategory] Category not found: "66fcfa5612ec48dadd4bca11"
2024-10-02 08:58:47 error: [category.getCategory] Category not found: "66fcfa5612ec48dadd4bca11"
2024-10-02 08:59:06 error: [category.getCategory] Category not found: "66fcfa5612ec48dadd4bca11"
2024-10-02 08:59:07 error: [category.getCategory] Category not found: "66fcfa5612ec48dadd4bca11"
2024-10-02 08:59:45 error: [category.getCategory] Category not found: "66fcfa5612ec48dadd4bca11"
2024-10-02 08:59:46 error: [category.getCategory] Category not found: "66fcfa5612ec48dadd4bca11"
2024-10-02 08:59:57 error: [category.getCategory] Category not found: "66fcfa5612ec48dadd4bca11"
2024-10-02 08:59:58 error: [category.getCategory] Category not found: "66fcfa5612ec48dadd4bca11"
2024-10-02 09:01:30 error: [category.getCategory] Category not found: "66fcfa5612ec48dadd4bca11"
2024-10-02 09:01:30 error: [category.getCategory] Category not found: "66fcfa5612ec48dadd4bca11"
2024-10-02 09:02:17 error: [category.getCategory] Category not found: "66fcfa5612ec48dadd4bca11"
2024-10-02 09:02:18 error: [category.getCategory] Category not found: "66fcfa5612ec48dadd4bca11"
2024-10-02 09:03:58 error: [category.getCategory] Category not found: "66fcfa5612ec48dadd4bca11"
2024-10-02 09:03:59 error: [category.getCategory] Category not found: "66fcfa5612ec48dadd4bca11"
2024-10-02 09:04:41 error: [category.getCategory] Category not found: "66fcfa5612ec48dadd4bca11"
2024-10-02 09:04:41 error: [category.getCategory] Category not found: "66fcfa5612ec48dadd4bca11"
2024-10-02 09:04:56 error: [category.getCategory] Category not found: "66fcfa5612ec48dadd4bca11"
2024-10-02 09:04:57 error: [category.getCategory] Category not found: "66fcfa5612ec48dadd4bca11"
2024-10-02 09:06:29 error: [category.getCategory] Category not found: "66fcfa5612ec48dadd4bca11"
2024-10-02 09:06:30 error: [category.getCategory] Category not found: "66fcfa5612ec48dadd4bca11"
2024-10-02 09:08:38 error: [category.getCategory] Category not found: "66fcfa5612ec48dadd4bca11"
2024-10-02 09:08:38 error: [category.getCategory] Category not found: "66fcfa5612ec48dadd4bca11"
2024-10-03 14:45:39 error: Database Failure:  [product.uploadImage] req.file not found
2024-10-03 15:03:47 error: [user.signin] Database Failure:  undefined body.email not found
2024-10-03 15:18:17 error: Database Failure:  [product.uploadImage] req.file not found
2024-10-04 07:47:10 error: Database Failure:  EPERM: operation not permitted, unlink 'C:\inetpub\wwwroot\cdn\wexcommerce\products\66ff132ca06cfc318e8546ec_1727992620735'
2024-10-05 18:29:50 error: [order.getOrder] Database Failure:  [object Object] input must be a 24 character hex string, 12 byte Uint8Array, or an integer
2024-10-05 18:33:22 error: [order.getOrder] Database Failure:  [object Object] input must be a 24 character hex string, 12 byte Uint8Array, or an integer
2024-10-05 18:33:52 error: [order.getOrder] Database Failure:  [object Object] input must be a 24 character hex string, 12 byte Uint8Array, or an integer
2024-10-05 18:34:20 error: [order.getOrder] Database Failure:  [object Object] input must be a 24 character hex string, 12 byte Uint8Array, or an integer
2024-10-05 18:37:04 error: [order.getOrder] Database Failure:  [object Object] input must be a 24 character hex string, 12 byte Uint8Array, or an integer
2024-10-05 18:37:22 error: [order.getOrder] Database Failure:  [object Object] input must be a 24 character hex string, 12 byte Uint8Array, or an integer
2024-10-05 18:50:16 error: [category.getCategory] Database Failure:  635c9c01f0d1be5323e0174deeee Cast to ObjectId failed for value "635c9c01f0d1be5323e0174deeee" (type string) at path "_id" for model "Category"
2024-10-05 18:50:26 error: [category.getCategory] Database Failure:  undefined Cast to ObjectId failed for value "undefined" (type string) at path "_id" for model "Category"
2024-10-06 08:44:57 error: [cart.getCartCount] Database Failure:  [object Promise] input must be a 24 character hex string, 12 byte Uint8Array, or an integer
2024-10-06 08:46:06 error: [cart.getCartCount] Database Failure:  [object Promise] input must be a 24 character hex string, 12 byte Uint8Array, or an integer
2024-10-06 08:46:07 error: [cart.getCartCount] Database Failure:  [object Promise] input must be a 24 character hex string, 12 byte Uint8Array, or an integer
2024-10-06 08:46:07 error: [cart.getCartCount] Database Failure:  [object Promise] input must be a 24 character hex string, 12 byte Uint8Array, or an integer
2024-10-06 08:46:08 error: [cart.getCartCount] Database Failure:  [object Promise] input must be a 24 character hex string, 12 byte Uint8Array, or an integer
2024-10-06 08:46:08 error: [cart.getCartCount] Database Failure:  [object Promise] input must be a 24 character hex string, 12 byte Uint8Array, or an integer
2024-10-06 08:46:08 error: [cart.getCartCount] Database Failure:  [object Promise] input must be a 24 character hex string, 12 byte Uint8Array, or an integer
2024-10-06 08:46:08 error: [cart.getCartCount] Database Failure:  [object Promise] input must be a 24 character hex string, 12 byte Uint8Array, or an integer
2024-10-06 08:46:09 error: [cart.getCartCount] Database Failure:  [object Promise] input must be a 24 character hex string, 12 byte Uint8Array, or an integer
2024-10-06 08:46:09 error: [cart.getCartCount] Database Failure:  [object Promise] input must be a 24 character hex string, 12 byte Uint8Array, or an integer
2024-10-06 08:46:09 error: [cart.getCartCount] Database Failure:  [object Promise] input must be a 24 character hex string, 12 byte Uint8Array, or an integer
2024-10-06 08:46:09 error: [cart.getCartCount] Database Failure:  [object Promise] input must be a 24 character hex string, 12 byte Uint8Array, or an integer
2024-10-06 08:46:10 error: [cart.getCartCount] Database Failure:  [object Promise] input must be a 24 character hex string, 12 byte Uint8Array, or an integer
2024-10-06 08:46:10 error: [cart.getCartCount] Database Failure:  [object Promise] input must be a 24 character hex string, 12 byte Uint8Array, or an integer
2024-10-06 08:46:10 error: [cart.getCartCount] Database Failure:  [object Promise] input must be a 24 character hex string, 12 byte Uint8Array, or an integer
2024-10-06 08:46:11 error: [cart.getCartCount] Database Failure:  [object Promise] input must be a 24 character hex string, 12 byte Uint8Array, or an integer
2024-10-06 08:46:11 error: [cart.getCartCount] Database Failure:  [object Promise] input must be a 24 character hex string, 12 byte Uint8Array, or an integer
2024-10-06 08:46:12 error: [cart.getCartCount] Database Failure:  [object Promise] input must be a 24 character hex string, 12 byte Uint8Array, or an integer
2024-10-06 08:46:12 error: [cart.getCartCount] Database Failure:  [object Promise] input must be a 24 character hex string, 12 byte Uint8Array, or an integer
2024-10-06 08:46:12 error: [cart.getCartCount] Database Failure:  [object Promise] input must be a 24 character hex string, 12 byte Uint8Array, or an integer
2024-10-06 08:46:13 error: [cart.getCartCount] Database Failure:  [object Promise] input must be a 24 character hex string, 12 byte Uint8Array, or an integer
2024-10-06 08:46:13 error: [cart.getCartCount] Database Failure:  [object Promise] input must be a 24 character hex string, 12 byte Uint8Array, or an integer
2024-10-06 08:46:13 error: [cart.getCartCount] Database Failure:  [object Promise] input must be a 24 character hex string, 12 byte Uint8Array, or an integer
2024-10-06 08:46:14 error: [cart.getCartCount] Database Failure:  [object Promise] input must be a 24 character hex string, 12 byte Uint8Array, or an integer
2024-10-06 13:14:58 error: Database Failure:  input must be a 24 character hex string, 12 byte Uint8Array, or an integer
2024-10-06 15:24:50 error: Payment intent and session missing {"order":{"paymentType":"6359262cce9d284dd85dc0ed","deliveryType":"636380df8de09490f0f9799b","total":2054.8,"orderItems":[{"product":"635ca1a8f0d1be5323e0183c","quantity":1},{"product":"635ca003f0d1be5323e017fb","quantity":1}],"user":"6380d68fe71e7f0086e895f0"}}
2024-10-06 18:55:36 error: Payment intent and session missing {"order":{"paymentType":"6359262cce9d284dd85dc0ed","deliveryType":"636380df8de09490f0f9799b","total":1904.9,"orderItems":[{"product":"635ca1a8f0d1be5323e0183c","quantity":1}],"sessionId":"cs_test_a1fLtN6KV8XlSSmO2PzOEbnkhSMawkBcQXEI1JKxzaceTfpDv0e0YQYenP","customerId":"cus_QywZNZlgcxHKU0","user":"6380d68fe71e7f0086e895f0"}}
2024-10-06 19:51:34 error: [stripe.checkCheckoutSession] Internal error:  Cannot read properties of undefined (reading 'toFixed')
2024-10-06 19:59:25 error: [stripe.checkCheckoutSession] Internal error:  Cannot read properties of undefined (reading 'toFixed')
2024-10-07 07:30:35 error: [order.deleteTempOrder] Database Failure:  {"orderId":"67037ffd29989c360f0315da","sessionId":"cs_test_a1IbvlhdMxB4ZdkAR5E3bq9znx3U9TAxMpdh8eKtMXesONbvCiUNi4siBg"} $not needs a regex or a document
